========================================
ColorSign Comprehensive Test Suite
========================================

Building tests...
[  4%] Built target gtest
[ 30%] Built target colorsign_macos
[ 34%] Built target gmock
[ 38%] Built target gtest_main
[ 42%] Built target colorsign_test
[ 46%] Built target ntt_simd_benchmark
[ 51%] Built target benchmark_color_sign_timing
[ 55%] Built target generate_kat_vectors
[ 59%] Built target gmock_main
[ 63%] Built target test_parameters
[ 71%] Built target test_sign
[ 71%] Built target test_keygen
[ 75%] Built target test_color_integration
[ 79%] Built target test_verify
[ 83%] Built target test_utils
[ 87%] Built target test_integration
[ 95%] Built target test_kat
[ 95%] Built target test_stress
[100%] Built target test_security_utils

Running test suites...
----------------------
Running Parameters Tests... Running main() from /Users/siddhuchelluru/Downloads/cryptopix-PQC/Perfect_KEM/sign/macos/build/_deps/googletest-src/googletest/src/gtest_main.cc
[==========] Running 6 tests from 1 test suite.
[----------] Global test environment set-up.
[----------] 6 tests from CLWEParametersTest
[ RUN      ] CLWEParametersTest.DefaultConstructorSecurityLevel44
[       OK ] CLWEParametersTest.DefaultConstructorSecurityLevel44 (0 ms)
[ RUN      ] CLWEParametersTest.DefaultConstructorSecurityLevel65
[       OK ] CLWEParametersTest.DefaultConstructorSecurityLevel65 (0 ms)
[ RUN      ] CLWEParametersTest.DefaultConstructorSecurityLevel87
[       OK ] CLWEParametersTest.DefaultConstructorSecurityLevel87 (0 ms)
[ RUN      ] CLWEParametersTest.ValidationValidParameters
[       OK ] CLWEParametersTest.ValidationValidParameters (0 ms)
[ RUN      ] CLWEParametersTest.ValidationInvalidSecurityLevel
[       OK ] CLWEParametersTest.ValidationInvalidSecurityLevel (0 ms)
[ RUN      ] CLWEParametersTest.IsPrimeFunction
[       OK ] CLWEParametersTest.IsPrimeFunction (0 ms)
[----------] 6 tests from CLWEParametersTest (0 ms total)

[----------] Global test environment tear-down
[==========] 6 tests from 1 test suite ran. (0 ms total)
[  PASSED  ] 6 tests.
[0;32mPASSED[0m
Running Key Generation Tests... Running main() from /Users/siddhuchelluru/Downloads/cryptopix-PQC/Perfect_KEM/sign/macos/build/_deps/googletest-src/googletest/src/gtest_main.cc
[==========] Running 15 tests from 1 test suite.
[----------] Global test environment set-up.
[----------] 15 tests from KeyGenTest
[ RUN      ] KeyGenTest.ConstructorValidParameters
[       OK ] KeyGenTest.ConstructorValidParameters (0 ms)
[ RUN      ] KeyGenTest.ConstructorInvalidParameters
[       OK ] KeyGenTest.ConstructorInvalidParameters (0 ms)
[ RUN      ] KeyGenTest.GenerateKeypairSecurityLevel44
[       OK ] KeyGenTest.GenerateKeypairSecurityLevel44 (2 ms)
[ RUN      ] KeyGenTest.GenerateKeypairSecurityLevel65
[       OK ] KeyGenTest.GenerateKeypairSecurityLevel65 (13 ms)
[ RUN      ] KeyGenTest.GenerateKeypairSecurityLevel87
[       OK ] KeyGenTest.GenerateKeypairSecurityLevel87 (13 ms)
[ RUN      ] KeyGenTest.GenerateKeypairDeterministic
[       OK ] KeyGenTest.GenerateKeypairDeterministic (9 ms)
[ RUN      ] KeyGenTest.GenerateKeypairDifferentSeeds
[       OK ] KeyGenTest.GenerateKeypairDifferentSeeds (12 ms)
[ RUN      ] KeyGenTest.PublicKeySerializationRoundTrip
[       OK ] KeyGenTest.PublicKeySerializationRoundTrip (5 ms)
[ RUN      ] KeyGenTest.PrivateKeySerializationRoundTrip
[       OK ] KeyGenTest.PrivateKeySerializationRoundTrip (3 ms)
[ RUN      ] KeyGenTest.PublicKeyDeserializeInvalidData
[       OK ] KeyGenTest.PublicKeyDeserializeInvalidData (0 ms)
[ RUN      ] KeyGenTest.KeyGenerationConsistency
[       OK ] KeyGenTest.KeyGenerationConsistency (2 ms)
[ RUN      ] KeyGenTest.KeyGenerationConsistency65
[       OK ] KeyGenTest.KeyGenerationConsistency65 (5 ms)
[ RUN      ] KeyGenTest.KeyGenerationConsistency87
[       OK ] KeyGenTest.KeyGenerationConsistency87 (15 ms)
[ RUN      ] KeyGenTest.ErrorMessageUtility
[       OK ] KeyGenTest.ErrorMessageUtility (0 ms)
[ RUN      ] KeyGenTest.MultipleKeyGeneration
[       OK ] KeyGenTest.MultipleKeyGeneration (5 ms)
[----------] 15 tests from KeyGenTest (91 ms total)

[----------] Global test environment tear-down
[==========] 15 tests from 1 test suite ran. (91 ms total)
[  PASSED  ] 15 tests.
[0;32mPASSED[0m
Running Sign Tests... Running main() from /Users/siddhuchelluru/Downloads/cryptopix-PQC/Perfect_KEM/sign/macos/build/_deps/googletest-src/googletest/src/gtest_main.cc
[==========] Running 17 tests from 1 test suite.
[----------] Global test environment set-up.
[----------] 17 tests from SignTest
[ RUN      ] SignTest.ConstructorValidParameters
[       OK ] SignTest.ConstructorValidParameters (3 ms)
[ RUN      ] SignTest.ConstructorInvalidParameters
[       OK ] SignTest.ConstructorInvalidParameters (3 ms)
[ RUN      ] SignTest.SignValidMessage
max_w1: 1020
DEBUG SIGNING: Raw original challenge (first 8 coeffs): 0 0 0 1 0 0 0 0 
DEBUG SIGNING: Original packed challenge (first 4 bytes): 64 0 0 4 
max_abs_z: 131058
DEBUG: Packing challenge into signature (first 8 coeffs): 0 0 0 1 0 0 0 0 
DEBUG: Packed challenge size: 64
DEBUG: Packed challenge for signature (first 8 bytes): 64 0 0 4 0 0 160 4 
DEBUG: Signature c_packed size: 64
DEBUG: Signature c_packed (first 8 bytes): 64 0 0 4 0 0 160 4 
DEBUG: ColorSignature constructor - c.size()=64
DEBUG: ColorSignature constructor - c_data.size()=64
[       OK ] SignTest.SignValidMessage (5 ms)
[ RUN      ] SignTest.SignEmptyMessage
[       OK ] SignTest.SignEmptyMessage (3 ms)
[ RUN      ] SignTest.SignWithInvalidPrivateKey
[       OK ] SignTest.SignWithInvalidPrivateKey (5 ms)
[ RUN      ] SignTest.SignWithInvalidPublicKey
[       OK ] SignTest.SignWithInvalidPublicKey (4 ms)
[ RUN      ] SignTest.SignDifferentMessages
max_w1: 1017
DEBUG SIGNING: Raw original challenge (first 8 coeffs): 0 0 0 8380416 0 0 0 1 
DEBUG SIGNING: Original packed challenge (first 4 bytes): 128 64 0 0 
max_abs_z: 130986
DEBUG: Packing challenge into signature (first 8 coeffs): 0 0 0 8380416 0 0 0 1 
DEBUG: Packed challenge size: 64
DEBUG: Packed challenge for signature (first 8 bytes): 128 64 0 0 1 2 0 128 
DEBUG: Signature c_packed size: 64
DEBUG: Signature c_packed (first 8 bytes): 128 64 0 0 1 2 0 128 
DEBUG: ColorSignature constructor - c.size()=64
DEBUG: ColorSignature constructor - c_data.size()=64
max_w1: 1011
DEBUG SIGNING: Raw original challenge (first 8 coeffs): 0 0 0 8380416 0 0 0 0 
DEBUG SIGNING: Original packed challenge (first 4 bytes): 128 0 0 0 
max_abs_z: 130973
DEBUG: Packing challenge into signature (first 8 coeffs): 0 0 0 8380416 0 0 0 0 
DEBUG: Packed challenge size: 64
DEBUG: Packed challenge for signature (first 8 bytes): 128 0 0 0 0 0 0 4 
DEBUG: Signature c_packed size: 64
DEBUG: Signature c_packed (first 8 bytes): 128 0 0 0 0 0 0 4 
DEBUG: ColorSignature constructor - c.size()=64
DEBUG: ColorSignature constructor - c_data.size()=64
[       OK ] SignTest.SignDifferentMessages (13 ms)
[ RUN      ] SignTest.SignSameMessageMultipleTimes
max_w1: 1017
DEBUG SIGNING: Raw original challenge (first 8 coeffs): 0 0 0 0 0 0 0 1 
DEBUG SIGNING: Original packed challenge (first 4 bytes): 0 64 0 0 
max_abs_z: 130747
DEBUG: Packing challenge into signature (first 8 coeffs): 0 0 0 0 0 0 0 1 
DEBUG: Packed challenge size: 64
DEBUG: Packed challenge for signature (first 8 bytes): 0 64 0 0 34 0 33 0 
DEBUG: Signature c_packed size: 64
DEBUG: Signature c_packed (first 8 bytes): 0 64 0 0 34 0 33 0 
DEBUG: ColorSignature constructor - c.size()=64
DEBUG: ColorSignature constructor - c_data.size()=64
max_w1: 1020
DEBUG SIGNING: Raw original challenge (first 8 coeffs): 0 0 8380416 0 0 0 0 0 
DEBUG SIGNING: Original packed challenge (first 4 bytes): 32 0 0 0 
max_abs_z: 130998
DEBUG: Packing challenge into signature (first 8 coeffs): 0 0 8380416 0 0 0 0 0 
DEBUG: Packed challenge size: 64
DEBUG: Packed challenge for signature (first 8 bytes): 32 0 0 0 64 162 64 0 
DEBUG: Signature c_packed size: 64
DEBUG: Signature c_packed (first 8 bytes): 32 0 0 0 64 162 64 0 
DEBUG: ColorSignature constructor - c.size()=64
DEBUG: ColorSignature constructor - c_data.size()=64
[       OK ] SignTest.SignSameMessageMultipleTimes (14 ms)
[ RUN      ] SignTest.SignatureSerializationRoundTrip
max_w1: 1014
DEBUG SIGNING: Raw original challenge (first 8 coeffs): 0 0 0 8380416 0 0 0 0 
DEBUG SIGNING: Original packed challenge (first 4 bytes): 128 0 0 64 
max_abs_z: 130933
DEBUG: Packing challenge into signature (first 8 coeffs): 0 0 0 8380416 0 0 0 0 
DEBUG: Packed challenge size: 64
DEBUG: Packed challenge for signature (first 8 bytes): 128 0 0 64 161 0 4 16 
DEBUG: Signature c_packed size: 64
DEBUG: Signature c_packed (first 8 bytes): 128 0 0 64 161 0 4 16 
DEBUG: ColorSignature constructor - c.size()=64
DEBUG: ColorSignature constructor - c_data.size()=64
[       OK ] SignTest.SignatureSerializationRoundTrip (8 ms)
[ RUN      ] SignTest.SignatureDeserializeInvalidData
[       OK ] SignTest.SignatureDeserializeInvalidData (4 ms)
[ RUN      ] SignTest.SignLargeMessage
max_w1: 1016
DEBUG SIGNING: Raw original challenge (first 8 coeffs): 0 0 0 0 0 0 0 0 
DEBUG SIGNING: Original packed challenge (first 4 bytes): 0 0 0 128 
max_abs_z: 131003
DEBUG: Packing challenge into signature (first 8 coeffs): 0 0 0 0 0 0 0 0 
DEBUG: Packed challenge size: 64
DEBUG: Packed challenge for signature (first 8 bytes): 0 0 0 128 6 16 132 16 
DEBUG: Signature c_packed size: 64
DEBUG: Signature c_packed (first 8 bytes): 0 0 0 128 6 16 132 16 
DEBUG: ColorSignature constructor - c.size()=64
DEBUG: ColorSignature constructor - c_data.size()=64
[       OK ] SignTest.SignLargeMessage (6 ms)
[ RUN      ] SignTest.SignWithDifferentSecurityLevels
max_w1: 980
DEBUG SIGNING: Raw original challenge (first 8 coeffs): 1 0 0 0 1 1 0 1 
DEBUG SIGNING: Original packed challenge (first 4 bytes): 1 69 10 0 
max_abs_z: 4189766
max_w1: 1011
DEBUG SIGNING: Raw original challenge (first 8 coeffs): 0 0 0 0 0 0 0 0 
DEBUG SIGNING: Original packed challenge (first 4 bytes): 0 0 0 0 
max_abs_z: 130993
DEBUG: Packing challenge into signature (first 8 coeffs): 0 0 0 0 0 0 0 0 
DEBUG: Packed challenge size: 64
DEBUG: Packed challenge for signature (first 8 bytes): 0 0 0 0 96 0 0 40 
DEBUG: Signature c_packed size: 64
DEBUG: Signature c_packed (first 8 bytes): 0 0 0 0 96 0 0 40 
DEBUG: ColorSignature constructor - c.size()=64
DEBUG: ColorSignature constructor - c_data.size()=64
max_w1: 991
DEBUG SIGNING: Raw original challenge (first 8 coeffs): 0 0 0 0 0 0 0 1 
DEBUG SIGNING: Original packed challenge (first 4 bytes): 0 64 66 0 
max_abs_z: 522911
DEBUG: Packing challenge into signature (first 8 coeffs): 0 0 0 0 0 0 0 1 
DEBUG: Packed challenge size: 64
DEBUG: Packed challenge for signature (first 8 bytes): 0 64 66 0 0 8 0 2 
DEBUG: Signature c_packed size: 64
DEBUG: Signature c_packed (first 8 bytes): 0 64 66 0 0 8 0 2 
DEBUG: ColorSignature constructor - c.size()=64
DEBUG: ColorSignature constructor - c_data.size()=64
max_w1: 1016
DEBUG SIGNING: Raw original challenge (first 8 coeffs): 0 8380416 0 0 8380416 0 0 0 
DEBUG SIGNING: Original packed challenge (first 4 bytes): 8 2 0 42 
max_abs_z: 523936
DEBUG: Packing challenge into signature (first 8 coeffs): 0 8380416 0 0 8380416 0 0 0 
DEBUG: Packed challenge size: 64
DEBUG: Packed challenge for signature (first 8 bytes): 8 2 0 42 20 17 86 0 
DEBUG: Signature c_packed size: 64
DEBUG: Signature c_packed (first 8 bytes): 8 2 0 42 20 17 86 0 
DEBUG: ColorSignature constructor - c.size()=64
DEBUG: ColorSignature constructor - c_data.size()=64
[       OK ] SignTest.SignWithDifferentSecurityLevels (55 ms)
[ RUN      ] SignTest.ErrorMessageUtility
[       OK ] SignTest.ErrorMessageUtility (3 ms)
[ RUN      ] SignTest.SignatureStructureValidation
max_w1: 1017
DEBUG SIGNING: Raw original challenge (first 8 coeffs): 0 1 0 0 0 0 0 1 
DEBUG SIGNING: Original packed challenge (first 4 bytes): 4 64 32 32 
max_abs_z: 131047
DEBUG: Packing challenge into signature (first 8 coeffs): 0 1 0 0 0 0 0 1 
DEBUG: Packed challenge size: 64
DEBUG: Packed challenge for signature (first 8 bytes): 4 64 32 32 4 1 32 0 
DEBUG: Signature c_packed size: 64
DEBUG: Signature c_packed (first 8 bytes): 4 64 32 32 4 1 32 0 
DEBUG: ColorSignature constructor - c.size()=64
DEBUG: ColorSignature constructor - c_data.size()=64
[       OK ] SignTest.SignatureStructureValidation (5 ms)
[ RUN      ] SignTest.SignValidMessageStandardMLDSA
max_w1: 1020
DEBUG SIGNING: Raw original challenge (first 8 coeffs): 8380416 0 0 0 0 0 0 0 
DEBUG SIGNING: Original packed challenge (first 4 bytes): 2 0 0 64 
max_abs_z: 4185525
max_w1: 1023
DEBUG SIGNING: Raw original challenge (first 8 coeffs): 0 0 0 0 0 8380416 0 0 
DEBUG SIGNING: Original packed challenge (first 4 bytes): 0 8 64 128 
max_abs_z: 130894
DEBUG: Packing challenge into signature (first 8 coeffs): 0 0 0 0 0 8380416 0 0 
DEBUG: Packed challenge size: 64
DEBUG: Packed challenge for signature (first 8 bytes): 0 8 64 128 0 0 0 128 
DEBUG: Signature c_packed size: 64
DEBUG: Signature c_packed (first 8 bytes): 0 8 64 128 0 0 0 128 
DEBUG: ColorSignature constructor - c.size()=64
DEBUG: ColorSignature constructor - c_data.size()=64
[       OK ] SignTest.SignValidMessageStandardMLDSA (11 ms)
[ RUN      ] SignTest.SignatureSerializationRoundTripStandardMLDSA
max_w1: 1017
DEBUG SIGNING: Raw original challenge (first 8 coeffs): 0 0 8380416 0 0 0 0 0 
DEBUG SIGNING: Original packed challenge (first 4 bytes): 32 0 2 128 
max_abs_z: 131000
DEBUG: Packing challenge into signature (first 8 coeffs): 0 0 8380416 0 0 0 0 0 
DEBUG: Packed challenge size: 64
DEBUG: Packed challenge for signature (first 8 bytes): 32 0 2 128 0 0 0 32 
DEBUG: Signature c_packed size: 64
DEBUG: Signature c_packed (first 8 bytes): 32 0 2 128 0 0 0 32 
DEBUG: ColorSignature constructor - c.size()=64
DEBUG: ColorSignature constructor - c_data.size()=64
[       OK ] SignTest.SignatureSerializationRoundTripStandardMLDSA (5 ms)
[ RUN      ] SignTest.ColorEncodingFlagConfiguration
max_w1: 1023
DEBUG SIGNING: Raw original challenge (first 8 coeffs): 0 0 0 0 0 0 1 0 
DEBUG SIGNING: Original packed challenge (first 4 bytes): 0 16 0 0 
max_abs_z: 131069
DEBUG: Packing challenge into signature (first 8 coeffs): 0 0 0 0 0 0 1 0 
DEBUG: Packed challenge size: 64
DEBUG: Packed challenge for signature (first 8 bytes): 0 16 0 0 0 8 16 65 
DEBUG: Signature c_packed size: 64
DEBUG: Signature c_packed (first 8 bytes): 0 16 0 0 0 8 16 65 
DEBUG: ColorSignature constructor - c.size()=64
DEBUG: ColorSignature constructor - c_data.size()=64
max_w1: 1011
DEBUG SIGNING: Raw original challenge (first 8 coeffs): 0 0 0 0 8380416 0 0 0 
DEBUG SIGNING: Original packed challenge (first 4 bytes): 0 2 2 0 
max_abs_z: 131017
DEBUG: Packing challenge into signature (first 8 coeffs): 0 0 0 0 8380416 0 0 0 
DEBUG: Packed challenge size: 64
DEBUG: Packed challenge for signature (first 8 bytes): 0 2 2 0 2 34 0 0 
DEBUG: Signature c_packed size: 64
DEBUG: Signature c_packed (first 8 bytes): 0 2 2 0 2 34 0 0 
DEBUG: ColorSignature constructor - c.size()=64
DEBUG: ColorSignature constructor - c_data.size()=64
[       OK ] SignTest.ColorEncodingFlagConfiguration (14 ms)
[----------] 17 tests from SignTest (170 ms total)

[----------] Global test environment tear-down
[==========] 17 tests from 1 test suite ran. (170 ms total)
[  PASSED  ] 17 tests.
[0;32mPASSED[0m
Running Verify Tests... Running main() from /Users/siddhuchelluru/Downloads/cryptopix-PQC/Perfect_KEM/sign/macos/build/_deps/googletest-src/googletest/src/gtest_main.cc
[==========] Running 18 tests from 1 test suite.
[----------] Global test environment set-up.
[----------] 18 tests from VerifyTest
[ RUN      ] VerifyTest.ConstructorValidParameters
[       OK ] VerifyTest.ConstructorValidParameters (3 ms)
[ RUN      ] VerifyTest.ConstructorInvalidParameters
[       OK ] VerifyTest.ConstructorInvalidParameters (5 ms)
[ RUN      ] VerifyTest.VerifyValidSignature
max_w1: 1001
DEBUG SIGNING: Raw original challenge (first 8 coeffs): 0 0 0 0 0 0 0 0 
DEBUG SIGNING: Original packed challenge (first 4 bytes): 0 0 0 0 
max_abs_z: 131001
DEBUG: Packing challenge into signature (first 8 coeffs): 0 0 0 0 0 0 0 0 
DEBUG: Packed challenge size: 64
DEBUG: Packed challenge for signature (first 8 bytes): 0 0 0 0 40 2 16 0 
DEBUG: Signature c_packed size: 64
DEBUG: Signature c_packed (first 8 bytes): 0 0 0 0 40 2 16 0 
DEBUG: ColorSignature constructor - c.size()=64
DEBUG: ColorSignature constructor - c_data.size()=64
DEBUG: Raw signature challenge (first 8 coeffs): 0 0 0 0 0 0 0 0 
DEBUG: Signature c_data size: 64
DEBUG: Signature c_data (first 8 bytes): 0 0 0 0 40 2 16 0 
DEBUG: Raw signature challenge (first 8 coeffs): 0 0 0 0 0 0 0 0 
DEBUG: Raw computed challenge (first 8 coeffs): 0 0 0 0 0 0 0 0 
DEBUG: Challenge validation SUCCESSFUL
DEBUG: Challenge validation result: 1
[       OK ] VerifyTest.VerifyValidSignature (11 ms)
[ RUN      ] VerifyTest.VerifyTamperedSignature
max_w1: 1015
DEBUG SIGNING: Raw original challenge (first 8 coeffs): 0 0 0 0 0 0 8380416 0 
DEBUG SIGNING: Original packed challenge (first 4 bytes): 0 32 0 0 
max_abs_z: 131017
DEBUG: Packing challenge into signature (first 8 coeffs): 0 0 0 0 0 0 8380416 0 
DEBUG: Packed challenge size: 64
DEBUG: Packed challenge for signature (first 8 bytes): 0 32 0 0 0 8 0 16 
DEBUG: Signature c_packed size: 64
DEBUG: Signature c_packed (first 8 bytes): 0 32 0 0 0 8 0 16 
DEBUG: ColorSignature constructor - c.size()=64
DEBUG: ColorSignature constructor - c_data.size()=64
DEBUG: Raw signature challenge (first 8 coeffs): 0 0 0 0 0 0 8380416 0 
DEBUG: Signature c_data size: 64
DEBUG: Signature c_data (first 8 bytes): 255 32 0 0 0 8 0 16 
DEBUG: Raw signature challenge (first 8 coeffs): 0 0 0 0 0 0 8380416 0 
DEBUG: Raw computed challenge (first 8 coeffs): 0 0 0 0 0 0 8380416 0 
DEBUG: Challenge mismatch at byte 0: signature=255 computed=0
DEBUG: Challenge validation FAILED
DEBUG: Challenge validation result: 0
[       OK ] VerifyTest.VerifyTamperedSignature (13 ms)
[ RUN      ] VerifyTest.VerifyWrongMessage
max_w1: 1007
DEBUG SIGNING: Raw original challenge (first 8 coeffs): 0 0 0 1 0 0 0 0 
DEBUG SIGNING: Original packed challenge (first 4 bytes): 64 0 2 0 
max_abs_z: 130921
DEBUG: Packing challenge into signature (first 8 coeffs): 0 0 0 1 0 0 0 0 
DEBUG: Packed challenge size: 64
DEBUG: Packed challenge for signature (first 8 bytes): 64 0 2 0 0 0 8 8 
DEBUG: Signature c_packed size: 64
DEBUG: Signature c_packed (first 8 bytes): 64 0 2 0 0 0 8 8 
DEBUG: ColorSignature constructor - c.size()=64
DEBUG: ColorSignature constructor - c_data.size()=64
DEBUG: Raw signature challenge (first 8 coeffs): 0 0 0 1 0 0 0 0 
DEBUG: Signature c_data size: 64
DEBUG: Signature c_data (first 8 bytes): 64 0 2 0 0 0 8 8 
DEBUG: Raw signature challenge (first 8 coeffs): 0 0 0 1 0 0 0 0 
DEBUG: Raw computed challenge (first 8 coeffs): 0 0 1 0 0 0 0 0 
DEBUG: Challenge mismatch at byte 0: signature=64 computed=16
DEBUG: Challenge validation FAILED
DEBUG: Challenge validation result: 0
[       OK ] VerifyTest.VerifyWrongMessage (11 ms)
[ RUN      ] VerifyTest.VerifyWithWrongPublicKey
max_w1: 996
DEBUG SIGNING: Raw original challenge (first 8 coeffs): 8380416 0 0 0 0 0 0 0 
DEBUG SIGNING: Original packed challenge (first 4 bytes): 2 0 64 129 
max_abs_z: 4187886
max_w1: 1017
DEBUG SIGNING: Raw original challenge (first 8 coeffs): 0 0 0 1 0 8380416 0 0 
DEBUG SIGNING: Original packed challenge (first 4 bytes): 64 8 64 0 
max_abs_z: 130627
DEBUG: Packing challenge into signature (first 8 coeffs): 0 0 0 1 0 8380416 0 0 
DEBUG: Packed challenge size: 64
DEBUG: Packed challenge for signature (first 8 bytes): 64 8 64 0 0 0 0 6 
DEBUG: Signature c_packed size: 64
DEBUG: Signature c_packed (first 8 bytes): 64 8 64 0 0 0 0 6 
DEBUG: ColorSignature constructor - c.size()=64
DEBUG: ColorSignature constructor - c_data.size()=64
DEBUG: Raw signature challenge (first 8 coeffs): 0 0 0 1 0 8380416 0 0 
DEBUG: Signature c_data size: 64
DEBUG: Signature c_data (first 8 bytes): 64 8 64 0 0 0 0 6 
DEBUG: Raw signature challenge (first 8 coeffs): 0 0 0 1 0 8380416 0 0 
DEBUG: Raw computed challenge (first 8 coeffs): 0 0 0 0 0 0 0 0 
DEBUG: Challenge mismatch at byte 0: signature=64 computed=0
DEBUG: Challenge validation FAILED
DEBUG: Challenge validation result: 0
[       OK ] VerifyTest.VerifyWithWrongPublicKey (17 ms)
[ RUN      ] VerifyTest.VerifyEmptyMessage
DEBUG: ColorSignature constructor - c.size()=64
DEBUG: ColorSignature constructor - c_data.size()=64
[       OK ] VerifyTest.VerifyEmptyMessage (3 ms)
[ RUN      ] VerifyTest.VerifyInvalidPublicKey
DEBUG: ColorSignature constructor - c.size()=64
DEBUG: ColorSignature constructor - c_data.size()=64
[       OK ] VerifyTest.VerifyInvalidPublicKey (3 ms)
[ RUN      ] VerifyTest.VerifyInvalidSignature
DEBUG: ColorSignature constructor - c.size()=3
DEBUG: ColorSignature constructor - c_data.size()=3
[       OK ] VerifyTest.VerifyInvalidSignature (4 ms)
[ RUN      ] VerifyTest.VerifyLargeMessage
max_w1: 1007
DEBUG SIGNING: Raw original challenge (first 8 coeffs): 0 0 0 0 0 0 0 0 
DEBUG SIGNING: Original packed challenge (first 4 bytes): 0 0 0 0 
max_abs_z: 131037
DEBUG: Packing challenge into signature (first 8 coeffs): 0 0 0 0 0 0 0 0 
DEBUG: Packed challenge size: 64
DEBUG: Packed challenge for signature (first 8 bytes): 0 0 0 0 0 0 33 0 
DEBUG: Signature c_packed size: 64
DEBUG: Signature c_packed (first 8 bytes): 0 0 0 0 0 0 33 0 
DEBUG: ColorSignature constructor - c.size()=64
DEBUG: ColorSignature constructor - c_data.size()=64
DEBUG: Raw signature challenge (first 8 coeffs): 0 0 0 0 0 0 0 0 
DEBUG: Signature c_data size: 64
DEBUG: Signature c_data (first 8 bytes): 0 0 0 0 0 0 33 0 
DEBUG: Raw signature challenge (first 8 coeffs): 0 0 0 0 0 0 0 0 
DEBUG: Raw computed challenge (first 8 coeffs): 0 0 0 0 0 0 0 0 
DEBUG: Challenge validation SUCCESSFUL
DEBUG: Challenge validation result: 1
[       OK ] VerifyTest.VerifyLargeMessage (8 ms)
[ RUN      ] VerifyTest.VerifyWithDifferentSecurityLevels
max_w1: 1012
DEBUG SIGNING: Raw original challenge (first 8 coeffs): 0 8380416 8380416 0 8380416 0 0 0 
DEBUG SIGNING: Original packed challenge (first 4 bytes): 40 2 1 0 
max_abs_z: 131071
DEBUG: Packing challenge into signature (first 8 coeffs): 0 8380416 8380416 0 8380416 0 0 0 
DEBUG: Packed challenge size: 64
DEBUG: Packed challenge for signature (first 8 bytes): 40 2 1 0 1 64 0 0 
DEBUG: Signature c_packed size: 64
DEBUG: Signature c_packed (first 8 bytes): 40 2 1 0 1 64 0 0 
DEBUG: ColorSignature constructor - c.size()=64
DEBUG: ColorSignature constructor - c_data.size()=64
DEBUG: Raw signature challenge (first 8 coeffs): 0 8380416 8380416 0 8380416 0 0 0 
DEBUG: Signature c_data size: 64
DEBUG: Signature c_data (first 8 bytes): 40 2 1 0 1 64 0 0 
DEBUG: Raw signature challenge (first 8 coeffs): 0 8380416 8380416 0 8380416 0 0 0 
DEBUG: Raw computed challenge (first 8 coeffs): 0 8380416 8380416 0 8380416 0 0 0 
DEBUG: Challenge validation SUCCESSFUL
DEBUG: Challenge validation result: 1
max_w1: 1020
DEBUG SIGNING: Raw original challenge (first 8 coeffs): 0 0 0 0 0 0 0 0 
DEBUG SIGNING: Original packed challenge (first 4 bytes): 0 0 20 0 
max_abs_z: 523988
DEBUG: Packing challenge into signature (first 8 coeffs): 0 0 0 0 0 0 0 0 
DEBUG: Packed challenge size: 64
DEBUG: Packed challenge for signature (first 8 bytes): 0 0 20 0 0 16 5 32 
DEBUG: Signature c_packed size: 64
DEBUG: Signature c_packed (first 8 bytes): 0 0 20 0 0 16 5 32 
DEBUG: ColorSignature constructor - c.size()=64
DEBUG: ColorSignature constructor - c_data.size()=64
DEBUG: Raw signature challenge (first 8 coeffs): 0 0 0 0 0 0 0 0 
DEBUG: Signature c_data size: 64
DEBUG: Signature c_data (first 8 bytes): 0 0 20 0 0 16 5 32 
DEBUG: Raw signature challenge (first 8 coeffs): 0 0 0 0 0 0 0 0 
DEBUG: Raw computed challenge (first 8 coeffs): 0 0 0 0 0 0 0 0 
DEBUG: Challenge validation SUCCESSFUL
DEBUG: Challenge validation result: 1
max_w1: 1022
DEBUG SIGNING: Raw original challenge (first 8 coeffs): 1 1 1 0 8380416 0 8380416 0 
DEBUG SIGNING: Original packed challenge (first 4 bytes): 21 34 0 1 
max_abs_z: 4188554
max_w1: 1001
DEBUG SIGNING: Raw original challenge (first 8 coeffs): 0 0 0 0 0 0 0 1 
DEBUG SIGNING: Original packed challenge (first 4 bytes): 0 64 4 0 
max_abs_z: 524192
DEBUG: Packing challenge into signature (first 8 coeffs): 0 0 0 0 0 0 0 1 
DEBUG: Packed challenge size: 64
DEBUG: Packed challenge for signature (first 8 bytes): 0 64 4 0 0 160 0 1 
DEBUG: Signature c_packed size: 64
DEBUG: Signature c_packed (first 8 bytes): 0 64 4 0 0 160 0 1 
DEBUG: ColorSignature constructor - c.size()=64
DEBUG: ColorSignature constructor - c_data.size()=64
DEBUG: Raw signature challenge (first 8 coeffs): 0 0 0 0 0 0 0 1 
DEBUG: Signature c_data size: 64
DEBUG: Signature c_data (first 8 bytes): 0 64 4 0 0 160 0 1 
DEBUG: Raw signature challenge (first 8 coeffs): 0 0 0 0 0 0 0 1 
DEBUG: Raw computed challenge (first 8 coeffs): 0 0 0 0 0 0 0 1 
DEBUG: Challenge validation SUCCESSFUL
DEBUG: Challenge validation result: 1
[       OK ] VerifyTest.VerifyWithDifferentSecurityLevels (72 ms)
[ RUN      ] VerifyTest.VerifySignatureTamperedZ
max_w1: 1001
DEBUG SIGNING: Raw original challenge (first 8 coeffs): 0 0 0 0 0 0 0 0 
DEBUG SIGNING: Original packed challenge (first 4 bytes): 0 0 6 0 
max_abs_z: 130688
DEBUG: Packing challenge into signature (first 8 coeffs): 0 0 0 0 0 0 0 0 
DEBUG: Packed challenge size: 64
DEBUG: Packed challenge for signature (first 8 bytes): 0 0 6 0 0 0 0 0 
DEBUG: Signature c_packed size: 64
DEBUG: Signature c_packed (first 8 bytes): 0 0 6 0 0 0 0 0 
DEBUG: ColorSignature constructor - c.size()=64
DEBUG: ColorSignature constructor - c_data.size()=64
[       OK ] VerifyTest.VerifySignatureTamperedZ (9 ms)
[ RUN      ] VerifyTest.VerifySignatureTamperedCHash
max_w1: 1006
DEBUG SIGNING: Raw original challenge (first 8 coeffs): 0 0 0 0 0 1 0 0 
DEBUG SIGNING: Original packed challenge (first 4 bytes): 0 4 130 0 
max_abs_z: 131021
DEBUG: Packing challenge into signature (first 8 coeffs): 0 0 0 0 0 1 0 0 
DEBUG: Packed challenge size: 64
DEBUG: Packed challenge for signature (first 8 bytes): 0 4 130 0 129 0 0 130 
DEBUG: Signature c_packed size: 64
DEBUG: Signature c_packed (first 8 bytes): 0 4 130 0 129 0 0 130 
DEBUG: ColorSignature constructor - c.size()=64
DEBUG: ColorSignature constructor - c_data.size()=64
DEBUG: Raw signature challenge (first 8 coeffs): 0 0 0 0 0 1 0 0 
DEBUG: Signature c_data size: 64
DEBUG: Signature c_data (first 8 bytes): 0 4 130 0 129 0 0 130 
DEBUG: Raw signature challenge (first 8 coeffs): 0 0 0 0 0 1 0 0 
DEBUG: Raw computed challenge (first 8 coeffs): 0 0 0 0 0 1 0 0 
DEBUG: Challenge mismatch at byte 15: signature=191 computed=64
DEBUG: Challenge validation FAILED
DEBUG: Challenge validation result: 0
[       OK ] VerifyTest.VerifySignatureTamperedCHash (14 ms)
[ RUN      ] VerifyTest.ErrorMessageUtility
[       OK ] VerifyTest.ErrorMessageUtility (5 ms)
[ RUN      ] VerifyTest.MultipleSignaturesVerification
max_w1: 1020
DEBUG SIGNING: Raw original challenge (first 8 coeffs): 0 0 8380416 0 0 0 0 8380416 
DEBUG SIGNING: Original packed challenge (first 4 bytes): 32 128 16 0 
max_abs_z: 130761
DEBUG: Packing challenge into signature (first 8 coeffs): 0 0 8380416 0 0 0 0 8380416 
DEBUG: Packed challenge size: 64
DEBUG: Packed challenge for signature (first 8 bytes): 32 128 16 0 0 4 0 0 
DEBUG: Signature c_packed size: 64
DEBUG: Signature c_packed (first 8 bytes): 32 128 16 0 0 4 0 0 
DEBUG: ColorSignature constructor - c.size()=64
DEBUG: ColorSignature constructor - c_data.size()=64
max_w1: 1010
DEBUG SIGNING: Raw original challenge (first 8 coeffs): 0 0 0 0 0 0 8380416 0 
DEBUG SIGNING: Original packed challenge (first 4 bytes): 0 32 128 32 
max_abs_z: 131016
DEBUG: Packing challenge into signature (first 8 coeffs): 0 0 0 0 0 0 8380416 0 
DEBUG: Packed challenge size: 64
DEBUG: Packed challenge for signature (first 8 bytes): 0 32 128 32 0 8 16 128 
DEBUG: Signature c_packed size: 64
DEBUG: Signature c_packed (first 8 bytes): 0 32 128 32 0 8 16 128 
DEBUG: ColorSignature constructor - c.size()=64
DEBUG: ColorSignature constructor - c_data.size()=64
DEBUG: Raw signature challenge (first 8 coeffs): 0 0 8380416 0 0 0 0 8380416 
DEBUG: Signature c_data size: 64
DEBUG: Signature c_data (first 8 bytes): 32 128 16 0 0 4 0 0 
DEBUG: Raw signature challenge (first 8 coeffs): 0 0 8380416 0 0 0 0 8380416 
DEBUG: Raw computed challenge (first 8 coeffs): 0 0 8380416 0 0 0 0 8380416 
DEBUG: Challenge validation SUCCESSFUL
DEBUG: Challenge validation result: 1
DEBUG: Raw signature challenge (first 8 coeffs): 0 0 0 0 0 0 8380416 0 
DEBUG: Signature c_data size: 64
DEBUG: Signature c_data (first 8 bytes): 0 32 128 32 0 8 16 128 
DEBUG: Raw signature challenge (first 8 coeffs): 0 0 0 0 0 0 8380416 0 
DEBUG: Raw computed challenge (first 8 coeffs): 0 0 0 0 0 0 8380416 0 
DEBUG: Challenge validation SUCCESSFUL
DEBUG: Challenge validation result: 1
DEBUG: Raw signature challenge (first 8 coeffs): 0 0 8380416 0 0 0 0 8380416 
DEBUG: Signature c_data size: 64
DEBUG: Signature c_data (first 8 bytes): 32 128 16 0 0 4 0 0 
DEBUG: Raw signature challenge (first 8 coeffs): 0 0 8380416 0 0 0 0 8380416 
DEBUG: Raw computed challenge (first 8 coeffs): 0 0 0 0 0 0 8380416 0 
DEBUG: Challenge mismatch at byte 0: signature=32 computed=0
DEBUG: Challenge validation FAILED
DEBUG: Challenge validation result: 0
DEBUG: Raw signature challenge (first 8 coeffs): 0 0 0 0 0 0 8380416 0 
DEBUG: Signature c_data size: 64
DEBUG: Signature c_data (first 8 bytes): 0 32 128 32 0 8 16 128 
DEBUG: Raw signature challenge (first 8 coeffs): 0 0 0 0 0 0 8380416 0 
DEBUG: Raw computed challenge (first 8 coeffs): 0 0 0 0 0 0 0 0 
DEBUG: Challenge mismatch at byte 1: signature=32 computed=0
DEBUG: Challenge validation FAILED
DEBUG: Challenge validation result: 0
[       OK ] VerifyTest.MultipleSignaturesVerification (27 ms)
[ RUN      ] VerifyTest.VerifyDeterministicKeys
max_w1: 1021
DEBUG SIGNING: Raw original challenge (first 8 coeffs): 0 0 8380416 0 0 1 0 0 
DEBUG SIGNING: Original packed challenge (first 4 bytes): 32 4 0 32 
max_abs_z: 131051
DEBUG: Packing challenge into signature (first 8 coeffs): 0 0 8380416 0 0 1 0 0 
DEBUG: Packed challenge size: 64
DEBUG: Packed challenge for signature (first 8 bytes): 32 4 0 32 128 128 2 0 
DEBUG: Signature c_packed size: 64
DEBUG: Signature c_packed (first 8 bytes): 32 4 0 32 128 128 2 0 
DEBUG: ColorSignature constructor - c.size()=64
DEBUG: ColorSignature constructor - c_data.size()=64
DEBUG: Raw signature challenge (first 8 coeffs): 0 0 8380416 0 0 1 0 0 
DEBUG: Signature c_data size: 64
DEBUG: Signature c_data (first 8 bytes): 32 4 0 32 128 128 2 0 
DEBUG: Raw signature challenge (first 8 coeffs): 0 0 8380416 0 0 1 0 0 
DEBUG: Raw computed challenge (first 8 coeffs): 0 0 8380416 0 0 1 0 0 
DEBUG: Challenge validation SUCCESSFUL
DEBUG: Challenge validation result: 1
[       OK ] VerifyTest.VerifyDeterministicKeys (15 ms)
[ RUN      ] VerifyTest.VerifyValidSignatureStandardMLDSA
max_w1: 1022
DEBUG SIGNING: Raw original challenge (first 8 coeffs): 0 0 0 0 0 0 0 1 
DEBUG SIGNING: Original packed challenge (first 4 bytes): 0 64 0 2 
max_abs_z: 131034
DEBUG: Packing challenge into signature (first 8 coeffs): 0 0 0 0 0 0 0 1 
DEBUG: Packed challenge size: 64
DEBUG: Packed challenge for signature (first 8 bytes): 0 64 0 2 81 0 128 0 
DEBUG: Signature c_packed size: 64
DEBUG: Signature c_packed (first 8 bytes): 0 64 0 2 81 0 128 0 
DEBUG: ColorSignature constructor - c.size()=64
DEBUG: ColorSignature constructor - c_data.size()=64
DEBUG: Raw signature challenge (first 8 coeffs): 0 0 0 0 0 0 0 1 
DEBUG: Signature c_data size: 64
DEBUG: Signature c_data (first 8 bytes): 0 64 0 2 81 0 128 0 
DEBUG: Raw signature challenge (first 8 coeffs): 0 0 0 0 0 0 0 1 
DEBUG: Raw computed challenge (first 8 coeffs): 0 0 0 0 0 0 0 1 
DEBUG: Challenge validation SUCCESSFUL
DEBUG: Challenge validation result: 1
[       OK ] VerifyTest.VerifyValidSignatureStandardMLDSA (11 ms)
[ RUN      ] VerifyTest.CrossVerificationBetweenEncodings
max_w1: 1023
DEBUG SIGNING: Raw original challenge (first 8 coeffs): 0 0 0 0 8380416 0 0 0 
DEBUG SIGNING: Original packed challenge (first 4 bytes): 0 2 0 0 
max_abs_z: 130777
DEBUG: Packing challenge into signature (first 8 coeffs): 0 0 0 0 8380416 0 0 0 
DEBUG: Packed challenge size: 64
DEBUG: Packed challenge for signature (first 8 bytes): 0 2 0 0 4 16 0 0 
DEBUG: Signature c_packed size: 64
DEBUG: Signature c_packed (first 8 bytes): 0 2 0 0 4 16 0 0 
DEBUG: ColorSignature constructor - c.size()=64
DEBUG: ColorSignature constructor - c_data.size()=64
DEBUG: Raw signature challenge (first 8 coeffs): 0 0 0 0 8380416 0 0 0 
DEBUG: Signature c_data size: 64
DEBUG: Signature c_data (first 8 bytes): 0 2 0 0 4 16 0 0 
DEBUG: Raw signature challenge (first 8 coeffs): 0 0 0 0 8380416 0 0 0 
DEBUG: Raw computed challenge (first 8 coeffs): 0 0 0 0 8380416 0 0 0 
DEBUG: Challenge validation SUCCESSFUL
DEBUG: Challenge validation result: 1
max_w1: 1022
DEBUG SIGNING: Raw original challenge (first 8 coeffs): 0 0 0 0 0 0 0 0 
DEBUG SIGNING: Original packed challenge (first 4 bytes): 0 0 0 0 
max_abs_z: 130935
DEBUG: Packing challenge into signature (first 8 coeffs): 0 0 0 0 0 0 0 0 
DEBUG: Packed challenge size: 64
DEBUG: Packed challenge for signature (first 8 bytes): 0 0 0 0 32 0 0 0 
DEBUG: Signature c_packed size: 64
DEBUG: Signature c_packed (first 8 bytes): 0 0 0 0 32 0 0 0 
DEBUG: ColorSignature constructor - c.size()=64
DEBUG: ColorSignature constructor - c_data.size()=64
DEBUG: Raw signature challenge (first 8 coeffs): 0 0 0 0 0 0 0 0 
DEBUG: Signature c_data size: 64
DEBUG: Signature c_data (first 8 bytes): 0 0 0 0 32 0 0 0 
DEBUG: Raw signature challenge (first 8 coeffs): 0 0 0 0 0 0 0 0 
DEBUG: Raw computed challenge (first 8 coeffs): 0 0 0 0 0 0 0 0 
DEBUG: Challenge validation SUCCESSFUL
DEBUG: Challenge validation result: 1
DEBUG: Raw signature challenge (first 8 coeffs): 0 0 0 0 0 0 0 0 
DEBUG: Signature c_data size: 64
DEBUG: Signature c_data (first 8 bytes): 0 0 0 0 32 0 0 0 
DEBUG: Raw signature challenge (first 8 coeffs): 0 0 0 0 0 0 0 0 
DEBUG: Raw computed challenge (first 8 coeffs): 0 0 0 0 0 0 0 0 
DEBUG: Challenge validation SUCCESSFUL
DEBUG: Challenge validation result: 1
DEBUG: Raw signature challenge (first 8 coeffs): 0 0 0 0 8380416 0 0 0 
DEBUG: Signature c_data size: 64
DEBUG: Signature c_data (first 8 bytes): 0 2 0 0 4 16 0 0 
DEBUG: Raw signature challenge (first 8 coeffs): 0 0 0 0 8380416 0 0 0 
DEBUG: Raw computed challenge (first 8 coeffs): 0 0 0 0 8380416 0 0 0 
DEBUG: Challenge validation SUCCESSFUL
DEBUG: Challenge validation result: 1
[       OK ] VerifyTest.CrossVerificationBetweenEncodings (22 ms)
[----------] 18 tests from VerifyTest (263 ms total)

[----------] Global test environment tear-down
[==========] 18 tests from 1 test suite ran. (263 ms total)
[  PASSED  ] 18 tests.
[0;32mPASSED[0m
Running Color Integration Tests... Running main() from /Users/siddhuchelluru/Downloads/cryptopix-PQC/Perfect_KEM/sign/macos/build/_deps/googletest-src/googletest/src/gtest_main.cc
[==========] Running 13 tests from 1 test suite.
[----------] Global test environment set-up.
[----------] 13 tests from ColorIntegrationTest
[ RUN      ] ColorIntegrationTest.EncodeDecodePolynomialRoundTrip
[       OK ] ColorIntegrationTest.EncodeDecodePolynomialRoundTrip (0 ms)
[ RUN      ] ColorIntegrationTest.EncodeDecodePolynomialVectorRoundTrip
[       OK ] ColorIntegrationTest.EncodeDecodePolynomialVectorRoundTrip (0 ms)
[ RUN      ] ColorIntegrationTest.EmptyPolynomial
[       OK ] ColorIntegrationTest.EmptyPolynomial (0 ms)
[ RUN      ] ColorIntegrationTest.LargeCoefficients
[       OK ] ColorIntegrationTest.LargeCoefficients (0 ms)
[ RUN      ] ColorIntegrationTest.ModulusReduction
[       OK ] ColorIntegrationTest.ModulusReduction (0 ms)
[ RUN      ] ColorIntegrationTest.DifferentModuli
[       OK ] ColorIntegrationTest.DifferentModuli (0 ms)
[ RUN      ] ColorIntegrationTest.InvalidColorDataSize
[       OK ] ColorIntegrationTest.InvalidColorDataSize (0 ms)
[ RUN      ] ColorIntegrationTest.InvalidVectorColorDataSize
[       OK ] ColorIntegrationTest.InvalidVectorColorDataSize (0 ms)
[ RUN      ] ColorIntegrationTest.ZeroModulus
[       OK ] ColorIntegrationTest.ZeroModulus (0 ms)
[ RUN      ] ColorIntegrationTest.EncodePolynomialOutputSize
[       OK ] ColorIntegrationTest.EncodePolynomialOutputSize (0 ms)
[ RUN      ] ColorIntegrationTest.EncodePolynomialVectorOutputSize
[       OK ] ColorIntegrationTest.EncodePolynomialVectorOutputSize (0 ms)
[ RUN      ] ColorIntegrationTest.SingleCoefficientPolynomial
[       OK ] ColorIntegrationTest.SingleCoefficientPolynomial (0 ms)
[ RUN      ] ColorIntegrationTest.LargePolynomial
[       OK ] ColorIntegrationTest.LargePolynomial (0 ms)
[----------] 13 tests from ColorIntegrationTest (0 ms total)

[----------] Global test environment tear-down
[==========] 13 tests from 1 test suite ran. (0 ms total)
[  PASSED  ] 13 tests.
[0;32mPASSED[0m
Running Utils Tests... Running main() from /Users/siddhuchelluru/Downloads/cryptopix-PQC/Perfect_KEM/sign/macos/build/_deps/googletest-src/googletest/src/gtest_main.cc
[==========] Running 10 tests from 1 test suite.
[----------] Global test environment set-up.
[----------] 10 tests from UtilsTest
[ RUN      ] UtilsTest.SecureRandomBytesGeneratesDifferentValues
[       OK ] UtilsTest.SecureRandomBytesGeneratesDifferentValues (0 ms)
[ RUN      ] UtilsTest.SecureRandomBytesDifferentSizes
[       OK ] UtilsTest.SecureRandomBytesDifferentSizes (0 ms)
[ RUN      ] UtilsTest.Shake256Deterministic
[       OK ] UtilsTest.Shake256Deterministic (0 ms)
[ RUN      ] UtilsTest.Shake256DifferentInputs
[       OK ] UtilsTest.Shake256DifferentInputs (0 ms)
[ RUN      ] UtilsTest.Shake256EmptyInput
[       OK ] UtilsTest.Shake256EmptyInput (0 ms)
[ RUN      ] UtilsTest.Shake256VariousOutputLengths
[       OK ] UtilsTest.Shake256VariousOutputLengths (0 ms)
[ RUN      ] UtilsTest.Shake256ZeroOutputLength
[       OK ] UtilsTest.Shake256ZeroOutputLength (0 ms)
[ RUN      ] UtilsTest.Shake256LargeInput
[       OK ] UtilsTest.Shake256LargeInput (0 ms)
[ RUN      ] UtilsTest.Shake256DeterministicOutput
[       OK ] UtilsTest.Shake256DeterministicOutput (0 ms)
[ RUN      ] UtilsTest.Shake256DeterministicOutputWithData
[       OK ] UtilsTest.Shake256DeterministicOutputWithData (0 ms)
[----------] 10 tests from UtilsTest (0 ms total)

[----------] Global test environment tear-down
[==========] 10 tests from 1 test suite ran. (0 ms total)
[  PASSED  ] 10 tests.
[0;32mPASSED[0m
Running Security Utils Tests... Running main() from /Users/siddhuchelluru/Downloads/cryptopix-PQC/Perfect_KEM/sign/macos/build/_deps/googletest-src/googletest/src/gtest_main.cc
[==========] Running 16 tests from 1 test suite.
[----------] Global test environment set-up.
[----------] 16 tests from SecurityUtilsTest
[ RUN      ] SecurityUtilsTest.InputValidation_MessageSize
[       OK ] SecurityUtilsTest.InputValidation_MessageSize (8 ms)
[ RUN      ] SecurityUtilsTest.InputValidation_KeySize
[       OK ] SecurityUtilsTest.InputValidation_KeySize (0 ms)
[ RUN      ] SecurityUtilsTest.InputValidation_Parameters
[       OK ] SecurityUtilsTest.InputValidation_Parameters (0 ms)
[ RUN      ] SecurityUtilsTest.InputValidation_Context
[       OK ] SecurityUtilsTest.InputValidation_Context (0 ms)
[ RUN      ] SecurityUtilsTest.ConstantTime_Compare
[       OK ] SecurityUtilsTest.ConstantTime_Compare (0 ms)
[ RUN      ] SecurityUtilsTest.ConstantTime_Select
[       OK ] SecurityUtilsTest.ConstantTime_Select (0 ms)
[ RUN      ] SecurityUtilsTest.ConstantTime_Arithmetic
[       OK ] SecurityUtilsTest.ConstantTime_Arithmetic (0 ms)
[ RUN      ] SecurityUtilsTest.SecureMemory_Buffer
[       OK ] SecurityUtilsTest.SecureMemory_Buffer (0 ms)
[ RUN      ] SecurityUtilsTest.SecureMemory_BufferWipe
[       OK ] SecurityUtilsTest.SecureMemory_BufferWipe (0 ms)
[ RUN      ] SecurityUtilsTest.SecurityMonitor_Logging
[       OK ] SecurityUtilsTest.SecurityMonitor_Logging (0 ms)
[ RUN      ] SecurityUtilsTest.TimingProtection_Basic
[       OK ] SecurityUtilsTest.TimingProtection_Basic (1 ms)
[ RUN      ] SecurityUtilsTest.PolynomialBounds_Valid
[       OK ] SecurityUtilsTest.PolynomialBounds_Valid (0 ms)
[ RUN      ] SecurityUtilsTest.PolynomialBounds_Invalid
[       OK ] SecurityUtilsTest.PolynomialBounds_Invalid (0 ms)
[ RUN      ] SecurityUtilsTest.PolynomialBounds_WrongDimensions
[       OK ] SecurityUtilsTest.PolynomialBounds_WrongDimensions (0 ms)
[ RUN      ] SecurityUtilsTest.ErrorMessages
[       OK ] SecurityUtilsTest.ErrorMessages (0 ms)
[ RUN      ] SecurityUtilsTest.ColorSign_SecurityIntegration
[       OK ] SecurityUtilsTest.ColorSign_SecurityIntegration (10 ms)
[----------] 16 tests from SecurityUtilsTest (21 ms total)

[----------] Global test environment tear-down
[==========] 16 tests from 1 test suite ran. (21 ms total)
[  PASSED  ] 16 tests.
[0;32mPASSED[0m
Running Integration Tests... Running main() from /Users/siddhuchelluru/Downloads/cryptopix-PQC/Perfect_KEM/sign/macos/build/_deps/googletest-src/googletest/src/gtest_main.cc
[==========] Running 11 tests from 1 test suite.
[----------] Global test environment set-up.
[----------] 11 tests from IntegrationTest
[ RUN      ] IntegrationTest.FullSignVerifyCycle44
max_w1: 1015
DEBUG SIGNING: Raw original challenge (first 8 coeffs): 0 0 0 0 0 0 0 0 
DEBUG SIGNING: Original packed challenge (first 4 bytes): 0 0 0 16 
max_abs_z: 131060
DEBUG: Packing challenge into signature (first 8 coeffs): 0 0 0 0 0 0 0 0 
DEBUG: Packed challenge size: 64
DEBUG: Packed challenge for signature (first 8 bytes): 0 0 0 16 18 0 0 4 
DEBUG: Signature c_packed size: 64
DEBUG: Signature c_packed (first 8 bytes): 0 0 0 16 18 0 0 4 
DEBUG: ColorSignature constructor - c.size()=64
DEBUG: ColorSignature constructor - c_data.size()=64
DEBUG: Raw signature challenge (first 8 coeffs): 0 0 0 0 0 0 0 0 
DEBUG: Signature c_data size: 64
DEBUG: Signature c_data (first 8 bytes): 0 0 0 16 18 0 0 4 
DEBUG: Raw signature challenge (first 8 coeffs): 0 0 0 0 0 0 0 0 
DEBUG: Raw computed challenge (first 8 coeffs): 0 0 0 0 0 0 0 0 
DEBUG: Challenge validation SUCCESSFUL
DEBUG: Challenge validation result: 1
[       OK ] IntegrationTest.FullSignVerifyCycle44 (8 ms)
[ RUN      ] IntegrationTest.FullSignVerifyCycle65
max_w1: 1022
DEBUG SIGNING: Raw original challenge (first 8 coeffs): 0 8380416 0 0 0 0 8380416 0 
DEBUG SIGNING: Original packed challenge (first 4 bytes): 8 32 0 8 
max_abs_z: 524130
DEBUG: Packing challenge into signature (first 8 coeffs): 0 8380416 0 0 0 0 8380416 0 
DEBUG: Packed challenge size: 64
DEBUG: Packed challenge for signature (first 8 bytes): 8 32 0 8 6 8 16 0 
DEBUG: Signature c_packed size: 64
DEBUG: Signature c_packed (first 8 bytes): 8 32 0 8 6 8 16 0 
DEBUG: ColorSignature constructor - c.size()=64
DEBUG: ColorSignature constructor - c_data.size()=64
DEBUG: Raw signature challenge (first 8 coeffs): 0 8380416 0 0 0 0 8380416 0 
DEBUG: Signature c_data size: 64
DEBUG: Signature c_data (first 8 bytes): 8 32 0 8 6 8 16 0 
DEBUG: Raw signature challenge (first 8 coeffs): 0 8380416 0 0 0 0 8380416 0 
DEBUG: Raw computed challenge (first 8 coeffs): 0 8380416 0 0 0 0 8380416 0 
DEBUG: Challenge validation SUCCESSFUL
DEBUG: Challenge validation result: 1
[       OK ] IntegrationTest.FullSignVerifyCycle65 (22 ms)
[ RUN      ] IntegrationTest.FullSignVerifyCycle87
max_w1: 1014
DEBUG SIGNING: Raw original challenge (first 8 coeffs): 8380416 1 0 8380416 0 0 0 0 
DEBUG SIGNING: Original packed challenge (first 4 bytes): 134 0 40 32 
max_abs_z: 4188916
max_w1: 1021
DEBUG SIGNING: Raw original challenge (first 8 coeffs): 0 0 1 0 0 0 0 0 
DEBUG SIGNING: Original packed challenge (first 4 bytes): 16 0 128 16 
max_abs_z: 523473
DEBUG: Packing challenge into signature (first 8 coeffs): 0 0 1 0 0 0 0 0 
DEBUG: Packed challenge size: 64
DEBUG: Packed challenge for signature (first 8 bytes): 16 0 128 16 0 16 40 4 
DEBUG: Signature c_packed size: 64
DEBUG: Signature c_packed (first 8 bytes): 16 0 128 16 0 16 40 4 
DEBUG: ColorSignature constructor - c.size()=64
DEBUG: ColorSignature constructor - c_data.size()=64
DEBUG: Raw signature challenge (first 8 coeffs): 0 0 1 0 0 0 0 0 
DEBUG: Signature c_data size: 64
DEBUG: Signature c_data (first 8 bytes): 16 0 128 16 0 16 40 4 
DEBUG: Raw signature challenge (first 8 coeffs): 0 0 1 0 0 0 0 0 
DEBUG: Raw computed challenge (first 8 coeffs): 0 0 1 0 0 0 0 0 
DEBUG: Challenge validation SUCCESSFUL
DEBUG: Challenge validation result: 1
[       OK ] IntegrationTest.FullSignVerifyCycle87 (44 ms)
[ RUN      ] IntegrationTest.KeySerializationIntegration
max_w1: 1019
DEBUG SIGNING: Raw original challenge (first 8 coeffs): 0 1 0 0 0 0 0 0 
DEBUG SIGNING: Original packed challenge (first 4 bytes): 4 0 0 0 
max_abs_z: 130987
DEBUG: Packing challenge into signature (first 8 coeffs): 0 1 0 0 0 0 0 0 
DEBUG: Packed challenge size: 64
DEBUG: Packed challenge for signature (first 8 bytes): 4 0 0 0 0 0 9 0 
DEBUG: Signature c_packed size: 64
DEBUG: Signature c_packed (first 8 bytes): 4 0 0 0 0 0 9 0 
DEBUG: ColorSignature constructor - c.size()=64
DEBUG: ColorSignature constructor - c_data.size()=64
DEBUG: Raw signature challenge (first 8 coeffs): 0 1 0 0 0 0 0 0 
DEBUG: Signature c_data size: 64
DEBUG: Signature c_data (first 8 bytes): 4 0 0 0 0 0 9 0 
DEBUG: Raw signature challenge (first 8 coeffs): 0 1 0 0 0 0 0 0 
DEBUG: Raw computed challenge (first 8 coeffs): 0 1 0 0 0 0 0 0 
DEBUG: Challenge validation SUCCESSFUL
DEBUG: Challenge validation result: 1
[       OK ] IntegrationTest.KeySerializationIntegration (9 ms)
[ RUN      ] IntegrationTest.SignatureSerializationIntegration
max_w1: 1016
DEBUG SIGNING: Raw original challenge (first 8 coeffs): 0 0 1 0 0 0 0 0 
DEBUG SIGNING: Original packed challenge (first 4 bytes): 16 0 0 0 
max_abs_z: 130892
DEBUG: Packing challenge into signature (first 8 coeffs): 0 0 1 0 0 0 0 0 
DEBUG: Packed challenge size: 64
DEBUG: Packed challenge for signature (first 8 bytes): 16 0 0 0 2 0 0 8 
DEBUG: Signature c_packed size: 64
DEBUG: Signature c_packed (first 8 bytes): 16 0 0 0 2 0 0 8 
DEBUG: ColorSignature constructor - c.size()=64
DEBUG: ColorSignature constructor - c_data.size()=64
DEBUG: Raw signature challenge (first 8 coeffs): 0 0 1 0 0 0 0 0 
DEBUG: Signature c_data size: 64
DEBUG: Signature c_data (first 8 bytes): 16 0 0 0 2 0 0 8 
DEBUG: Raw signature challenge (first 8 coeffs): 0 0 1 0 0 0 0 0 
DEBUG: Raw computed challenge (first 8 coeffs): 0 0 1 0 0 0 0 0 
DEBUG: Challenge validation SUCCESSFUL
DEBUG: Challenge validation result: 1
[       OK ] IntegrationTest.SignatureSerializationIntegration (11 ms)
[ RUN      ] IntegrationTest.MultipleMessagesSameKey
max_w1: 997
DEBUG SIGNING: Raw original challenge (first 8 coeffs): 0 0 0 0 0 0 0 0 
DEBUG SIGNING: Original packed challenge (first 4 bytes): 0 0 0 1 
max_abs_z: 131069
DEBUG: Packing challenge into signature (first 8 coeffs): 0 0 0 0 0 0 0 0 
DEBUG: Packed challenge size: 64
DEBUG: Packed challenge for signature (first 8 bytes): 0 0 0 1 0 0 0 20 
DEBUG: Signature c_packed size: 64
DEBUG: Signature c_packed (first 8 bytes): 0 0 0 1 0 0 0 20 
DEBUG: ColorSignature constructor - c.size()=64
DEBUG: ColorSignature constructor - c_data.size()=64
DEBUG: Raw signature challenge (first 8 coeffs): 0 0 0 0 0 0 0 0 
DEBUG: Signature c_data size: 64
DEBUG: Signature c_data (first 8 bytes): 0 0 0 1 0 0 0 20 
DEBUG: Raw signature challenge (first 8 coeffs): 0 0 0 0 0 0 0 0 
DEBUG: Raw computed challenge (first 8 coeffs): 0 0 0 0 0 0 0 0 
DEBUG: Challenge validation SUCCESSFUL
DEBUG: Challenge validation result: 1
max_w1: 1020
DEBUG SIGNING: Raw original challenge (first 8 coeffs): 0 0 0 8380416 8380416 1 0 0 
DEBUG SIGNING: Original packed challenge (first 4 bytes): 128 6 0 0 
max_abs_z: 131037
DEBUG: Packing challenge into signature (first 8 coeffs): 0 0 0 8380416 8380416 1 0 0 
DEBUG: Packed challenge size: 64
DEBUG: Packed challenge for signature (first 8 bytes): 128 6 0 0 1 66 0 64 
DEBUG: Signature c_packed size: 64
DEBUG: Signature c_packed (first 8 bytes): 128 6 0 0 1 66 0 64 
DEBUG: ColorSignature constructor - c.size()=64
DEBUG: ColorSignature constructor - c_data.size()=64
DEBUG: Raw signature challenge (first 8 coeffs): 0 0 0 8380416 8380416 1 0 0 
DEBUG: Signature c_data size: 64
DEBUG: Signature c_data (first 8 bytes): 128 6 0 0 1 66 0 64 
DEBUG: Raw signature challenge (first 8 coeffs): 0 0 0 8380416 8380416 1 0 0 
DEBUG: Raw computed challenge (first 8 coeffs): 0 0 0 8380416 8380416 1 0 0 
DEBUG: Challenge validation SUCCESSFUL
DEBUG: Challenge validation result: 1
max_w1: 1022
DEBUG SIGNING: Raw original challenge (first 8 coeffs): 0 0 0 0 0 0 0 0 
DEBUG SIGNING: Original packed challenge (first 4 bytes): 0 0 0 2 
max_abs_z: 131055
DEBUG: Packing challenge into signature (first 8 coeffs): 0 0 0 0 0 0 0 0 
DEBUG: Packed challenge size: 64
DEBUG: Packed challenge for signature (first 8 bytes): 0 0 0 2 0 0 4 1 
DEBUG: Signature c_packed size: 64
DEBUG: Signature c_packed (first 8 bytes): 0 0 0 2 0 0 4 1 
DEBUG: ColorSignature constructor - c.size()=64
DEBUG: ColorSignature constructor - c_data.size()=64
DEBUG: Raw signature challenge (first 8 coeffs): 0 0 0 0 0 0 0 0 
DEBUG: Signature c_data size: 64
DEBUG: Signature c_data (first 8 bytes): 0 0 0 2 0 0 4 1 
DEBUG: Raw signature challenge (first 8 coeffs): 0 0 0 0 0 0 0 0 
DEBUG: Raw computed challenge (first 8 coeffs): 0 0 0 0 0 0 0 0 
DEBUG: Challenge validation SUCCESSFUL
DEBUG: Challenge validation result: 1
max_w1: 1008
DEBUG SIGNING: Raw original challenge (first 8 coeffs): 0 0 0 0 1 0 8380416 0 
DEBUG SIGNING: Original packed challenge (first 4 bytes): 0 33 16 0 
max_abs_z: 130923
DEBUG: Packing challenge into signature (first 8 coeffs): 0 0 0 0 1 0 8380416 0 
DEBUG: Packed challenge size: 64
DEBUG: Packed challenge for signature (first 8 bytes): 0 33 16 0 32 0 132 16 
DEBUG: Signature c_packed size: 64
DEBUG: Signature c_packed (first 8 bytes): 0 33 16 0 32 0 132 16 
DEBUG: ColorSignature constructor - c.size()=64
DEBUG: ColorSignature constructor - c_data.size()=64
DEBUG: Raw signature challenge (first 8 coeffs): 0 0 0 0 1 0 8380416 0 
DEBUG: Signature c_data size: 64
DEBUG: Signature c_data (first 8 bytes): 0 33 16 0 32 0 132 16 
DEBUG: Raw signature challenge (first 8 coeffs): 0 0 0 0 1 0 8380416 0 
DEBUG: Raw computed challenge (first 8 coeffs): 0 0 0 0 1 0 8380416 0 
DEBUG: Challenge validation SUCCESSFUL
DEBUG: Challenge validation result: 1
[       OK ] IntegrationTest.MultipleMessagesSameKey (29 ms)
[ RUN      ] IntegrationTest.DeterministicKeyGenerationIntegration
max_w1: 1019
DEBUG SIGNING: Raw original challenge (first 8 coeffs): 1 0 0 0 0 0 0 0 
DEBUG SIGNING: Original packed challenge (first 4 bytes): 1 0 0 0 
max_abs_z: 4181476
max_w1: 1019
DEBUG SIGNING: Raw original challenge (first 8 coeffs): 0 0 0 0 0 0 0 0 
DEBUG SIGNING: Original packed challenge (first 4 bytes): 0 0 0 1 
max_abs_z: 130797
DEBUG: Packing challenge into signature (first 8 coeffs): 0 0 0 0 0 0 0 0 
DEBUG: Packed challenge size: 64
DEBUG: Packed challenge for signature (first 8 bytes): 0 0 0 1 2 0 4 0 
DEBUG: Signature c_packed size: 64
DEBUG: Signature c_packed (first 8 bytes): 0 0 0 1 2 0 4 0 
DEBUG: ColorSignature constructor - c.size()=64
DEBUG: ColorSignature constructor - c_data.size()=64
DEBUG: Raw signature challenge (first 8 coeffs): 0 0 0 0 0 0 0 0 
DEBUG: Signature c_data size: 64
DEBUG: Signature c_data (first 8 bytes): 0 0 0 1 2 0 4 0 
DEBUG: Raw signature challenge (first 8 coeffs): 0 0 0 0 0 0 0 0 
DEBUG: Raw computed challenge (first 8 coeffs): 0 0 0 0 0 0 0 0 
DEBUG: Challenge validation SUCCESSFUL
DEBUG: Challenge validation result: 1
[       OK ] IntegrationTest.DeterministicKeyGenerationIntegration (11 ms)
[ RUN      ] IntegrationTest.LargeMessageIntegration
max_w1: 1017
DEBUG SIGNING: Raw original challenge (first 8 coeffs): 1 0 1 0 0 0 0 0 
DEBUG SIGNING: Original packed challenge (first 4 bytes): 17 0 0 128 
max_abs_z: 4188891
max_w1: 1019
DEBUG SIGNING: Raw original challenge (first 8 coeffs): 0 0 0 0 0 1 0 1 
DEBUG SIGNING: Original packed challenge (first 4 bytes): 0 68 0 0 
max_abs_z: 130916
DEBUG: Packing challenge into signature (first 8 coeffs): 0 0 0 0 0 1 0 1 
DEBUG: Packed challenge size: 64
DEBUG: Packed challenge for signature (first 8 bytes): 0 68 0 0 64 128 16 0 
DEBUG: Signature c_packed size: 64
DEBUG: Signature c_packed (first 8 bytes): 0 68 0 0 64 128 16 0 
DEBUG: ColorSignature constructor - c.size()=64
DEBUG: ColorSignature constructor - c_data.size()=64
DEBUG: Raw signature challenge (first 8 coeffs): 0 0 0 0 0 1 0 1 
DEBUG: Signature c_data size: 64
DEBUG: Signature c_data (first 8 bytes): 0 68 0 0 64 128 16 0 
DEBUG: Raw signature challenge (first 8 coeffs): 0 0 0 0 0 1 0 1 
DEBUG: Raw computed challenge (first 8 coeffs): 0 0 0 0 0 1 0 1 
DEBUG: Challenge validation SUCCESSFUL
DEBUG: Challenge validation result: 1
[       OK ] IntegrationTest.LargeMessageIntegration (15 ms)
[ RUN      ] IntegrationTest.EmptyMessageAfterSetup
DEBUG: ColorSignature constructor - c.size()=1
DEBUG: ColorSignature constructor - c_data.size()=1
[       OK ] IntegrationTest.EmptyMessageAfterSetup (2 ms)
[ RUN      ] IntegrationTest.CrossSecurityLevelFailure
[       OK ] IntegrationTest.CrossSecurityLevelFailure (3 ms)
[ RUN      ] IntegrationTest.KnownAnswerTestDeterministic
max_w1: 999
DEBUG SIGNING: Raw original challenge (first 8 coeffs): 0 1 0 0 0 0 0 0 
DEBUG SIGNING: Original packed challenge (first 4 bytes): 4 0 65 0 
max_abs_z: 131013
DEBUG: Packing challenge into signature (first 8 coeffs): 0 1 0 0 0 0 0 0 
DEBUG: Packed challenge size: 64
DEBUG: Packed challenge for signature (first 8 bytes): 4 0 65 0 130 0 0 2 
DEBUG: Signature c_packed size: 64
DEBUG: Signature c_packed (first 8 bytes): 4 0 65 0 130 0 0 2 
DEBUG: ColorSignature constructor - c.size()=64
DEBUG: ColorSignature constructor - c_data.size()=64
DEBUG: Raw signature challenge (first 8 coeffs): 0 1 0 0 0 0 0 0 
DEBUG: Signature c_data size: 64
DEBUG: Signature c_data (first 8 bytes): 4 0 65 0 130 0 0 2 
DEBUG: Raw signature challenge (first 8 coeffs): 0 1 0 0 0 0 0 0 
DEBUG: Raw computed challenge (first 8 coeffs): 0 1 0 0 0 0 0 0 
DEBUG: Challenge validation SUCCESSFUL
DEBUG: Challenge validation result: 1
[       OK ] IntegrationTest.KnownAnswerTestDeterministic (9 ms)
[----------] 11 tests from IntegrationTest (168 ms total)

[----------] Global test environment tear-down
[==========] 11 tests from 1 test suite ran. (168 ms total)
[  PASSED  ] 11 tests.
[0;32mPASSED[0m
Running KAT Tests... Running main() from /Users/siddhuchelluru/Downloads/cryptopix-PQC/Perfect_KEM/sign/macos/build/_deps/googletest-src/googletest/src/gtest_main.cc
[==========] Running 8 tests from 1 test suite.
[----------] Global test environment set-up.
[----------] 8 tests from KATTest
[ RUN      ] KATTest.MLDSA44_KAT
Running KATs for security level 44
  Running KAT test vector 1/1...
max_w1: 1018
DEBUG SIGNING: Raw original challenge (first 8 coeffs): 0 0 0 1 0 8380416 0 8380416 
DEBUG SIGNING: Original packed challenge (first 4 bytes): 64 136 0 8 
max_abs_z: 130915
DEBUG: Packing challenge into signature (first 8 coeffs): 0 0 0 1 0 8380416 0 8380416 
DEBUG: Packed challenge size: 64
DEBUG: Packed challenge for signature (first 8 bytes): 64 136 0 8 2 0 0 0 
DEBUG: Signature c_packed size: 64
DEBUG: Signature c_packed (first 8 bytes): 64 136 0 8 2 0 0 0 
DEBUG: ColorSignature constructor - c.size()=64
DEBUG: ColorSignature constructor - c_data.size()=64
max_w1: 1020
DEBUG SIGNING: Raw original challenge (first 8 coeffs): 0 0 0 0 0 0 0 0 
DEBUG SIGNING: Original packed challenge (first 4 bytes): 0 0 16 32 
max_abs_z: 130968
DEBUG: Packing challenge into signature (first 8 coeffs): 0 0 0 0 0 0 0 0 
DEBUG: Packed challenge size: 64
DEBUG: Packed challenge for signature (first 8 bytes): 0 0 16 32 0 80 0 4 
DEBUG: Signature c_packed size: 64
DEBUG: Signature c_packed (first 8 bytes): 0 0 16 32 0 80 0 4 
DEBUG: ColorSignature constructor - c.size()=64
DEBUG: ColorSignature constructor - c_data.size()=64
DEBUG: Raw signature challenge (first 8 coeffs): 0 0 0 0 0 0 0 0 
DEBUG: Signature c_data size: 64
DEBUG: Signature c_data (first 8 bytes): 0 0 16 32 0 80 0 4 
DEBUG: Raw signature challenge (first 8 coeffs): 0 0 0 0 0 0 0 0 
DEBUG: Raw computed challenge (first 8 coeffs): 0 0 0 0 0 0 0 0 
DEBUG: Challenge validation SUCCESSFUL
DEBUG: Challenge validation result: 1
    KeyGen: PASS
    Sign:   PASS
    Verify: PASS
KATs for security level 44: PASS
[       OK ] KATTest.MLDSA44_KAT (21 ms)
[ RUN      ] KATTest.MLDSA65_KAT
Running KATs for security level 65
  Running KAT test vector 1/1...
max_w1: 1011
DEBUG SIGNING: Raw original challenge (first 8 coeffs): 0 0 0 0 0 0 0 0 
DEBUG SIGNING: Original packed challenge (first 4 bytes): 0 0 0 0 
max_abs_z: 523899
DEBUG: Packing challenge into signature (first 8 coeffs): 0 0 0 0 0 0 0 0 
DEBUG: Packed challenge size: 64
DEBUG: Packed challenge for signature (first 8 bytes): 0 0 0 0 9 72 16 144 
DEBUG: Signature c_packed size: 64
DEBUG: Signature c_packed (first 8 bytes): 0 0 0 0 9 72 16 144 
DEBUG: ColorSignature constructor - c.size()=64
DEBUG: ColorSignature constructor - c_data.size()=64
max_w1: 1019
DEBUG SIGNING: Raw original challenge (first 8 coeffs): 0 0 0 0 0 0 0 0 
DEBUG SIGNING: Original packed challenge (first 4 bytes): 0 0 0 0 
max_abs_z: 523740
DEBUG: Packing challenge into signature (first 8 coeffs): 0 0 0 0 0 0 0 0 
DEBUG: Packed challenge size: 64
DEBUG: Packed challenge for signature (first 8 bytes): 0 0 0 0 0 1 160 4 
DEBUG: Signature c_packed size: 64
DEBUG: Signature c_packed (first 8 bytes): 0 0 0 0 0 1 160 4 
DEBUG: ColorSignature constructor - c.size()=64
DEBUG: ColorSignature constructor - c_data.size()=64
DEBUG: Raw signature challenge (first 8 coeffs): 0 0 0 0 0 0 0 0 
DEBUG: Signature c_data size: 64
DEBUG: Signature c_data (first 8 bytes): 0 0 0 0 0 1 160 4 
DEBUG: Raw signature challenge (first 8 coeffs): 0 0 0 0 0 0 0 0 
DEBUG: Raw computed challenge (first 8 coeffs): 0 0 0 0 0 0 0 0 
DEBUG: Challenge validation SUCCESSFUL
DEBUG: Challenge validation result: 1
    KeyGen: PASS
    Sign:   PASS
    Verify: PASS
KATs for security level 65: PASS
[       OK ] KATTest.MLDSA65_KAT (46 ms)
[ RUN      ] KATTest.MLDSA87_KAT
Running KATs for security level 87
  Running KAT test vector 1/1...
max_w1: 1016
DEBUG SIGNING: Raw original challenge (first 8 coeffs): 0 0 0 0 0 8380416 0 0 
DEBUG SIGNING: Original packed challenge (first 4 bytes): 0 8 8 128 
max_abs_z: 524088
DEBUG: Packing challenge into signature (first 8 coeffs): 0 0 0 0 0 8380416 0 0 
DEBUG: Packed challenge size: 64
DEBUG: Packed challenge for signature (first 8 bytes): 0 8 8 128 0 80 0 32 
DEBUG: Signature c_packed size: 64
DEBUG: Signature c_packed (first 8 bytes): 0 8 8 128 0 80 0 32 
DEBUG: ColorSignature constructor - c.size()=64
DEBUG: ColorSignature constructor - c_data.size()=64
max_w1: 1012
DEBUG SIGNING: Raw original challenge (first 8 coeffs): 8380416 0 0 0 8380416 0 0 0 
DEBUG SIGNING: Original packed challenge (first 4 bytes): 2 2 152 8 
max_abs_z: 4190008
max_w1: 1008
DEBUG SIGNING: Raw original challenge (first 8 coeffs): 0 0 0 0 0 1 0 8380416 
DEBUG SIGNING: Original packed challenge (first 4 bytes): 0 132 2 66 
max_abs_z: 524226
DEBUG: Packing challenge into signature (first 8 coeffs): 0 0 0 0 0 1 0 8380416 
DEBUG: Packed challenge size: 64
DEBUG: Packed challenge for signature (first 8 bytes): 0 132 2 66 10 16 0 0 
DEBUG: Signature c_packed size: 64
DEBUG: Signature c_packed (first 8 bytes): 0 132 2 66 10 16 0 0 
DEBUG: ColorSignature constructor - c.size()=64
DEBUG: ColorSignature constructor - c_data.size()=64
DEBUG: Raw signature challenge (first 8 coeffs): 0 0 0 0 0 1 0 8380416 
DEBUG: Signature c_data size: 64
DEBUG: Signature c_data (first 8 bytes): 0 132 2 66 10 16 0 0 
DEBUG: Raw signature challenge (first 8 coeffs): 0 0 0 0 0 1 0 8380416 
DEBUG: Raw computed challenge (first 8 coeffs): 0 0 0 0 0 1 0 8380416 
DEBUG: Challenge validation SUCCESSFUL
DEBUG: Challenge validation result: 1
    KeyGen: PASS
    Sign:   PASS
    Verify: PASS
KATs for security level 87: PASS
[       OK ] KATTest.MLDSA87_KAT (67 ms)
[ RUN      ] KATTest.InvalidSecurityLevel
[       OK ] KATTest.InvalidSecurityLevel (0 ms)
[ RUN      ] KATTest.KAT_Class_Construction
[       OK ] KATTest.KAT_Class_Construction (0 ms)
[ RUN      ] KATTest.KAT_RunAllKats
Running KATs for security level 44
  Running KAT test vector 1/1...
max_w1: 1019
DEBUG SIGNING: Raw original challenge (first 8 coeffs): 0 0 1 0 0 0 0 0 
DEBUG SIGNING: Original packed challenge (first 4 bytes): 16 0 8 0 
max_abs_z: 130962
DEBUG: Packing challenge into signature (first 8 coeffs): 0 0 1 0 0 0 0 0 
DEBUG: Packed challenge size: 64
DEBUG: Packed challenge for signature (first 8 bytes): 16 0 8 0 0 0 130 0 
DEBUG: Signature c_packed size: 64
DEBUG: Signature c_packed (first 8 bytes): 16 0 8 0 0 0 130 0 
DEBUG: ColorSignature constructor - c.size()=64
DEBUG: ColorSignature constructor - c_data.size()=64
max_w1: 1020
DEBUG SIGNING: Raw original challenge (first 8 coeffs): 8380416 0 0 0 0 0 8380416 0 
DEBUG SIGNING: Original packed challenge (first 4 bytes): 2 32 34 2 
max_abs_z: 4187716
max_w1: 1012
DEBUG SIGNING: Raw original challenge (first 8 coeffs): 0 0 0 0 0 0 0 0 
DEBUG SIGNING: Original packed challenge (first 4 bytes): 0 0 0 0 
max_abs_z: 130867
DEBUG: Packing challenge into signature (first 8 coeffs): 0 0 0 0 0 0 0 0 
DEBUG: Packed challenge size: 64
DEBUG: Packed challenge for signature (first 8 bytes): 0 0 0 0 0 65 4 16 
DEBUG: Signature c_packed size: 64
DEBUG: Signature c_packed (first 8 bytes): 0 0 0 0 0 65 4 16 
DEBUG: ColorSignature constructor - c.size()=64
DEBUG: ColorSignature constructor - c_data.size()=64
DEBUG: Raw signature challenge (first 8 coeffs): 0 0 0 0 0 0 0 0 
DEBUG: Signature c_data size: 64
DEBUG: Signature c_data (first 8 bytes): 0 0 0 0 0 65 4 16 
DEBUG: Raw signature challenge (first 8 coeffs): 0 0 0 0 0 0 0 0 
DEBUG: Raw computed challenge (first 8 coeffs): 0 0 0 0 0 0 0 0 
DEBUG: Challenge validation SUCCESSFUL
DEBUG: Challenge validation result: 1
    KeyGen: PASS
    Sign:   PASS
    Verify: PASS
KATs for security level 44: PASS
[       OK ] KATTest.KAT_RunAllKats (23 ms)
[ RUN      ] KATTest.GetTestVectors
[       OK ] KATTest.GetTestVectors (0 ms)
[ RUN      ] KATTest.ErrorMessageUtility
[       OK ] KATTest.ErrorMessageUtility (0 ms)
[----------] 8 tests from KATTest (158 ms total)

[----------] Global test environment tear-down
[==========] 8 tests from 1 test suite ran. (158 ms total)
[  PASSED  ] 8 tests.
[0;32mPASSED[0m
Running Stress Tests... Running main() from /Users/siddhuchelluru/Downloads/cryptopix-PQC/Perfect_KEM/sign/macos/build/_deps/googletest-src/googletest/src/gtest_main.cc
[==========] Running 11 tests from 1 test suite.
[----------] Global test environment set-up.
[----------] 11 tests from StressTest
[ RUN      ] StressTest.KeyGenEdgeCases
[       OK ] StressTest.KeyGenEdgeCases (9 ms)
[ RUN      ] StressTest.ParameterBoundsChecking
[       OK ] StressTest.ParameterBoundsChecking (0 ms)
[ RUN      ] StressTest.LargeKeyGenerationStressTest
[       OK ] StressTest.LargeKeyGenerationStressTest (397 ms)
[ RUN      ] StressTest.HighIterationKeyGenerationStressTest
[       OK ] StressTest.HighIterationKeyGenerationStressTest (398 ms)
[ RUN      ] StressTest.ConcurrentKeyGenerationStressTest
[       OK ] StressTest.ConcurrentKeyGenerationStressTest (125 ms)
[ RUN      ] StressTest.RandomizedSeedFuzzTest
[       OK ] StressTest.RandomizedSeedFuzzTest (188 ms)
[ RUN      ] StressTest.MemoryStressPolynomialOperations
[       OK ] StressTest.MemoryStressPolynomialOperations (1 ms)
[ RUN      ] StressTest.KeyGenerationPerformanceRegressionTest
[       OK ] StressTest.KeyGenerationPerformanceRegressionTest (41 ms)
[ RUN      ] StressTest.ParameterValidationStressTest
[       OK ] StressTest.ParameterValidationStressTest (0 ms)
[ RUN      ] StressTest.KeySerializationStressTest
[       OK ] StressTest.KeySerializationStressTest (231 ms)
[ RUN      ] StressTest.SignatureSerializationBoundaryTest
max_w1: 1022
DEBUG SIGNING: Raw original challenge (first 8 coeffs): 0 0 0 0 0 0 0 0 
DEBUG SIGNING: Original packed challenge (first 4 bytes): 0 0 32 1 
max_abs_z: 131000
DEBUG: Packing challenge into signature (first 8 coeffs): 0 0 0 0 0 0 0 0 
DEBUG: Packed challenge size: 64
DEBUG: Packed challenge for signature (first 8 bytes): 0 0 32 1 64 0 0 0 
DEBUG: Signature c_packed size: 64
DEBUG: Signature c_packed (first 8 bytes): 0 0 32 1 64 0 0 0 
DEBUG: ColorSignature constructor - c.size()=64
DEBUG: ColorSignature constructor - c_data.size()=64
[       OK ] StressTest.SignatureSerializationBoundaryTest (10 ms)
[----------] 11 tests from StressTest (1406 ms total)

[----------] Global test environment tear-down
[==========] 11 tests from 1 test suite ran. (1406 ms total)
[  PASSED  ] 11 tests.
[0;32mPASSED[0m

========================================
Test Summary
========================================
Total Tests: 10
Passed: [0;32m10[0m
Failed: [0;31m0[0m
[0;32mAll tests passed! ✓[0m
